<?xml version="1.0" encoding="UTF-8"?>
<!-- Generated by org.testng.reporters.JUnitXMLReporter -->
<testsuite hostname="PAKU-BLR-01" ignored="0" name="Default test" tests="5" failures="0" timestamp="02 Nov 2021 17:27:22 GMT" time="114.739" errors="0">
  <testcase name="contactLinkTest" time="1.255" classname="com.crm.qa.testcases.HomePageTest"/>
  <testcase name="dealsLinkTest" time="1.254" classname="com.crm.qa.testcases.HomePageTest"/>
  <testcase name="homePageTitleTest" time="0.014" classname="com.crm.qa.testcases.HomePageTest"/>
  <testcase name="tasksLinkTest" time="1.173" classname="com.crm.qa.testcases.HomePageTest"/>
  <testcase name="verifyCorrectUserName" time="0.084" classname="com.crm.qa.testcases.HomePageTest"/>
</testsuite> <!-- Default test -->
