<?xml version="1.0" encoding="UTF-8"?>
<testng-results skipped="0" failed="0" ignored="0" total="5" passed="5">
  <reporter-output>
  </reporter-output>
  <suite name="Default suite" duration-ms="114739" started-at="2021-11-02T17:25:27Z" finished-at="2021-11-02T17:27:22Z">
    <groups>
    </groups>
    <test name="Default test" duration-ms="114739" started-at="2021-11-02T17:25:27Z" finished-at="2021-11-02T17:27:22Z">
      <class name="com.crm.qa.testcases.HomePageTest">
        <test-method status="PASS" signature="setup()[pri:0, instance:com.crm.qa.testcases.HomePageTest@1f7030a6]" name="setup" is-config="true" duration-ms="24882" started-at="2021-11-02T22:55:27Z" finished-at="2021-11-02T22:55:52Z">
          <reporter-output>
          </reporter-output>
        </test-method> <!-- setup -->
        <test-method status="PASS" signature="contactLinkTest()[pri:0, instance:com.crm.qa.testcases.HomePageTest@1f7030a6]" name="contactLinkTest" duration-ms="1255" started-at="2021-11-02T22:55:52Z" finished-at="2021-11-02T22:55:53Z">
          <reporter-output>
          </reporter-output>
        </test-method> <!-- contactLinkTest -->
        <test-method status="PASS" signature="tearDown()[pri:0, instance:com.crm.qa.testcases.HomePageTest@1f7030a6]" name="tearDown" is-config="true" duration-ms="2162" started-at="2021-11-02T22:55:53Z" finished-at="2021-11-02T22:55:55Z">
          <reporter-output>
          </reporter-output>
        </test-method> <!-- tearDown -->
        <test-method status="PASS" signature="setup()[pri:0, instance:com.crm.qa.testcases.HomePageTest@1f7030a6]" name="setup" is-config="true" duration-ms="18075" started-at="2021-11-02T22:55:55Z" finished-at="2021-11-02T22:56:14Z">
          <reporter-output>
          </reporter-output>
        </test-method> <!-- setup -->
        <test-method status="PASS" signature="dealsLinkTest()[pri:0, instance:com.crm.qa.testcases.HomePageTest@1f7030a6]" name="dealsLinkTest" duration-ms="1254" started-at="2021-11-02T22:56:14Z" finished-at="2021-11-02T22:56:15Z">
          <reporter-output>
          </reporter-output>
        </test-method> <!-- dealsLinkTest -->
        <test-method status="PASS" signature="tearDown()[pri:0, instance:com.crm.qa.testcases.HomePageTest@1f7030a6]" name="tearDown" is-config="true" duration-ms="2475" started-at="2021-11-02T22:56:15Z" finished-at="2021-11-02T22:56:17Z">
          <reporter-output>
          </reporter-output>
        </test-method> <!-- tearDown -->
        <test-method status="PASS" signature="setup()[pri:0, instance:com.crm.qa.testcases.HomePageTest@1f7030a6]" name="setup" is-config="true" duration-ms="21112" started-at="2021-11-02T22:56:17Z" finished-at="2021-11-02T22:56:38Z">
          <reporter-output>
          </reporter-output>
        </test-method> <!-- setup -->
        <test-method status="PASS" signature="homePageTitleTest()[pri:0, instance:com.crm.qa.testcases.HomePageTest@1f7030a6]" name="homePageTitleTest" duration-ms="14" started-at="2021-11-02T22:56:38Z" finished-at="2021-11-02T22:56:38Z">
          <reporter-output>
          </reporter-output>
        </test-method> <!-- homePageTitleTest -->
        <test-method status="PASS" signature="tearDown()[pri:0, instance:com.crm.qa.testcases.HomePageTest@1f7030a6]" name="tearDown" is-config="true" duration-ms="2327" started-at="2021-11-02T22:56:38Z" finished-at="2021-11-02T22:56:41Z">
          <reporter-output>
          </reporter-output>
        </test-method> <!-- tearDown -->
        <test-method status="PASS" signature="setup()[pri:0, instance:com.crm.qa.testcases.HomePageTest@1f7030a6]" name="setup" is-config="true" duration-ms="17431" started-at="2021-11-02T22:56:41Z" finished-at="2021-11-02T22:56:58Z">
          <reporter-output>
          </reporter-output>
        </test-method> <!-- setup -->
        <test-method status="PASS" signature="tasksLinkTest()[pri:0, instance:com.crm.qa.testcases.HomePageTest@1f7030a6]" name="tasksLinkTest" duration-ms="1173" started-at="2021-11-02T22:56:58Z" finished-at="2021-11-02T22:56:59Z">
          <reporter-output>
          </reporter-output>
        </test-method> <!-- tasksLinkTest -->
        <test-method status="PASS" signature="tearDown()[pri:0, instance:com.crm.qa.testcases.HomePageTest@1f7030a6]" name="tearDown" is-config="true" duration-ms="2434" started-at="2021-11-02T22:56:59Z" finished-at="2021-11-02T22:57:02Z">
          <reporter-output>
          </reporter-output>
        </test-method> <!-- tearDown -->
        <test-method status="PASS" signature="setup()[pri:0, instance:com.crm.qa.testcases.HomePageTest@1f7030a6]" name="setup" is-config="true" duration-ms="17348" started-at="2021-11-02T22:57:02Z" finished-at="2021-11-02T22:57:19Z">
          <reporter-output>
          </reporter-output>
        </test-method> <!-- setup -->
        <test-method status="PASS" signature="verifyCorrectUserName()[pri:0, instance:com.crm.qa.testcases.HomePageTest@1f7030a6]" name="verifyCorrectUserName" duration-ms="84" started-at="2021-11-02T22:57:19Z" finished-at="2021-11-02T22:57:19Z">
          <reporter-output>
          </reporter-output>
        </test-method> <!-- verifyCorrectUserName -->
        <test-method status="PASS" signature="tearDown()[pri:0, instance:com.crm.qa.testcases.HomePageTest@1f7030a6]" name="tearDown" is-config="true" duration-ms="2677" started-at="2021-11-02T22:57:19Z" finished-at="2021-11-02T22:57:22Z">
          <reporter-output>
          </reporter-output>
        </test-method> <!-- tearDown -->
      </class> <!-- com.crm.qa.testcases.HomePageTest -->
    </test> <!-- Default test -->
  </suite> <!-- Default suite -->
</testng-results>
